{
  "stats": {
    "suites": 12,
    "tests": 41,
    "passes": 27,
    "pending": 0,
    "failures": 14,
    "start": "2022-02-21T19:55:45.702Z",
    "end": "2022-02-21T19:57:12.001Z",
    "duration": 86299,
    "testsRegistered": 41,
    "passPercent": 65.85365853658537,
    "pendingPercent": 0,
    "other": 0,
    "hasOther": false,
    "skipped": 0,
    "hasSkipped": false
  },
  "results": [
    {
      "uuid": "8bfd7ee7-99a1-40da-8560-993fb44e2c51",
      "title": "",
      "fullFile": "cypress/integration/project.spec.js",
      "file": "cypress/integration/project.spec.js",
      "beforeHooks": [],
      "afterHooks": [],
      "tests": [],
      "suites": [
        {
          "uuid": "c06e3ee5-7f2e-432b-b51d-45538cf4be04",
          "title": "1 - Adicione à página o título \"Paleta de Cores\".",
          "fullFile": "",
          "file": "",
          "beforeHooks": [],
          "afterHooks": [],
          "tests": [
            {
              "title": "Verifica se contém um elemento `h1` com o id `title` com o título correto",
              "fullTitle": "1 - Adicione à página o título \"Paleta de Cores\". Verifica se contém um elemento `h1` com o id `title` com o título correto",
              "timedOut": null,
              "duration": 334,
              "state": "passed",
              "speed": "slow",
              "pass": true,
              "fail": false,
              "pending": false,
              "context": null,
              "code": "cy.get('h1#title').should('contain.text', 'Paleta de Cores');",
              "err": {},
              "uuid": "f79009ff-46d9-4de1-a7d9-40e05111f714",
              "parentUUID": "c06e3ee5-7f2e-432b-b51d-45538cf4be04",
              "isHook": false,
              "skipped": false
            }
          ],
          "suites": [],
          "passes": [
            "f79009ff-46d9-4de1-a7d9-40e05111f714"
          ],
          "failures": [],
          "pending": [],
          "skipped": [],
          "duration": 334,
          "root": false,
          "rootEmpty": false,
          "_timeout": 2000
        },
        {
          "uuid": "3bd92fdd-57e7-4d1c-b04d-bc5f00be5cc7",
          "title": "2 - Adicione à página uma paleta de quatro cores distintas.",
          "fullFile": "",
          "file": "",
          "beforeHooks": [],
          "afterHooks": [],
          "tests": [
            {
              "title": "A paleta de cores deve ser um elemento com `id` denominado `color-palette` e ter mais de 0px de altura e de largura.",
              "fullTitle": "2 - Adicione à página uma paleta de quatro cores distintas. A paleta de cores deve ser um elemento com `id` denominado `color-palette` e ter mais de 0px de altura e de largura.",
              "timedOut": null,
              "duration": 243,
              "state": "passed",
              "speed": "slow",
              "pass": true,
              "fail": false,
              "pending": false,
              "context": null,
              "code": "cy.get('#color-palette').should('be.visible');\ncy.get('#color-palette').children('.color');",
              "err": {},
              "uuid": "26e7bfa1-feca-4c4a-8939-4d5164574330",
              "parentUUID": "3bd92fdd-57e7-4d1c-b04d-bc5f00be5cc7",
              "isHook": false,
              "skipped": false
            },
            {
              "title": "Verifica se cada cor individual da paleta de cores possui a `classe` chamada `color`.",
              "fullTitle": "2 - Adicione à página uma paleta de quatro cores distintas. Verifica se cada cor individual da paleta de cores possui a `classe` chamada `color`.",
              "timedOut": null,
              "duration": 306,
              "state": "passed",
              "speed": "slow",
              "pass": true,
              "fail": false,
              "pending": false,
              "context": null,
              "code": "cy.get('.color').should('have.length', 4).then(function (colors) {\n  for (var i = 0; i < colors.length; i++) {\n    cy.wrap(colors[i]).should('be.visible');\n  }\n});",
              "err": {},
              "uuid": "a3f781d4-89c7-43ad-87b8-afcd08007733",
              "parentUUID": "3bd92fdd-57e7-4d1c-b04d-bc5f00be5cc7",
              "isHook": false,
              "skipped": false
            },
            {
              "title": "Verifica se a cor de fundo de cada elemento da paleta é a cor que o elemento representa. **A única cor não permitida na paleta é a cor branca.**",
              "fullTitle": "2 - Adicione à página uma paleta de quatro cores distintas. Verifica se a cor de fundo de cada elemento da paleta é a cor que o elemento representa. **A única cor não permitida na paleta é a cor branca.**",
              "timedOut": null,
              "duration": 241,
              "state": "passed",
              "speed": "slow",
              "pass": true,
              "fail": false,
              "pending": false,
              "context": null,
              "code": "cy.get('.color').each(function (color) {\n  cy.wrap(color).should('have.class', 'color').and('not.have.css', 'background-color', WHITE);\n  cy.wrap(color).should('have.css', 'background-color');\n});",
              "err": {},
              "uuid": "098f93bc-fc05-4b0f-8d41-87bc2e360b3d",
              "parentUUID": "3bd92fdd-57e7-4d1c-b04d-bc5f00be5cc7",
              "isHook": false,
              "skipped": false
            },
            {
              "title": "Verifica se cada elemento da paleta de cores tem uma borda preta, sólida e com 1 pixel de largura;",
              "fullTitle": "2 - Adicione à página uma paleta de quatro cores distintas. Verifica se cada elemento da paleta de cores tem uma borda preta, sólida e com 1 pixel de largura;",
              "timedOut": null,
              "duration": 207,
              "state": "passed",
              "speed": "slow",
              "pass": true,
              "fail": false,
              "pending": false,
              "context": null,
              "code": "cy.get('.color').each(function (color) {\n  cy.wrap(color).and('have.css', 'border', \"1px solid \".concat(BLACK)).and('have.class', 'color');\n});",
              "err": {},
              "uuid": "a8cf18a4-0376-4b9e-8adc-b5124e1c81dc",
              "parentUUID": "3bd92fdd-57e7-4d1c-b04d-bc5f00be5cc7",
              "isHook": false,
              "skipped": false
            },
            {
              "title": "Verifica se a paleta lista todas as cores disponíveis para utilização, lado a lado.",
              "fullTitle": "2 - Adicione à página uma paleta de quatro cores distintas. Verifica se a paleta lista todas as cores disponíveis para utilização, lado a lado.",
              "timedOut": null,
              "duration": 187,
              "state": "passed",
              "speed": "slow",
              "pass": true,
              "fail": false,
              "pending": false,
              "context": null,
              "code": "cy.get('.color').then(function (colors) {\n  for (var index = 1; index < colors.length; index += 1) {\n    var currentColor = colors[index];\n    var previousColor = colors[index - 1];\n    cy.wrap(currentColor).should('be.onTheRightOf', previousColor).and('be.horizontallyAlignedWith', previousColor);\n  }\n});",
              "err": {},
              "uuid": "441e2cf5-01f7-44e6-be38-a0b63da48df7",
              "parentUUID": "3bd92fdd-57e7-4d1c-b04d-bc5f00be5cc7",
              "isHook": false,
              "skipped": false
            },
            {
              "title": "Verifica se a paleta de cores está posicionada abaixo do título 'Paleta de Cores'",
              "fullTitle": "2 - Adicione à página uma paleta de quatro cores distintas. Verifica se a paleta de cores está posicionada abaixo do título 'Paleta de Cores'",
              "timedOut": null,
              "duration": 152,
              "state": "passed",
              "speed": "slow",
              "pass": true,
              "fail": false,
              "pending": false,
              "context": null,
              "code": "cy.get('h1#title').then(function (title) {\n  cy.get('#color-palette').should('be.belowOf', title);\n});",
              "err": {},
              "uuid": "1acb888f-f275-46d8-be7d-d7c808761b40",
              "parentUUID": "3bd92fdd-57e7-4d1c-b04d-bc5f00be5cc7",
              "isHook": false,
              "skipped": false
            },
            {
              "title": "Verifica se a paleta de cores não contém cores repetidas.",
              "fullTitle": "2 - Adicione à página uma paleta de quatro cores distintas. Verifica se a paleta de cores não contém cores repetidas.",
              "timedOut": null,
              "duration": 156,
              "state": "passed",
              "speed": "slow",
              "pass": true,
              "fail": false,
              "pending": false,
              "context": null,
              "code": "cy.get('.color').then(function (colors) {\n  var allColors = Array.from(colors).map(function (color) {\n    return Cypress.$(color).css('background-color');\n  });\n  cy.log(allColors);\n  var uniqColors = (0, _toConsumableArray2[\"default\"])(new Set(allColors));\n  cy.log(uniqColors);\n  expect(allColors.length).to.eq(uniqColors.length);\n});",
              "err": {},
              "uuid": "8c2fe141-e694-454e-a3fd-b0f437cddcdd",
              "parentUUID": "3bd92fdd-57e7-4d1c-b04d-bc5f00be5cc7",
              "isHook": false,
              "skipped": false
            }
          ],
          "suites": [],
          "passes": [
            "26e7bfa1-feca-4c4a-8939-4d5164574330",
            "a3f781d4-89c7-43ad-87b8-afcd08007733",
            "098f93bc-fc05-4b0f-8d41-87bc2e360b3d",
            "a8cf18a4-0376-4b9e-8adc-b5124e1c81dc",
            "441e2cf5-01f7-44e6-be38-a0b63da48df7",
            "1acb888f-f275-46d8-be7d-d7c808761b40",
            "8c2fe141-e694-454e-a3fd-b0f437cddcdd"
          ],
          "failures": [],
          "pending": [],
          "skipped": [],
          "duration": 1492,
          "root": false,
          "rootEmpty": false,
          "_timeout": 2000
        },
        {
          "uuid": "b9d779a5-338f-4101-8dca-861f503e4942",
          "title": "3 - Adicione a cor **preta** como a primeira cor da paleta de cores.",
          "fullFile": "",
          "file": "",
          "beforeHooks": [],
          "afterHooks": [],
          "tests": [
            {
              "title": "Verifica se a primeira cor da paleta é preta",
              "fullTitle": "3 - Adicione a cor **preta** como a primeira cor da paleta de cores. Verifica se a primeira cor da paleta é preta",
              "timedOut": null,
              "duration": 179,
              "state": "passed",
              "speed": "slow",
              "pass": true,
              "fail": false,
              "pending": false,
              "context": null,
              "code": "cy.get('.color').first().should('have.css', 'background-color', BLACK);",
              "err": {},
              "uuid": "8676f085-1637-4751-a699-4ac5c1a5deaf",
              "parentUUID": "b9d779a5-338f-4101-8dca-861f503e4942",
              "isHook": false,
              "skipped": false
            },
            {
              "title": "Verifica se as demais cores podem ser escolhidas livremente.",
              "fullTitle": "3 - Adicione a cor **preta** como a primeira cor da paleta de cores. Verifica se as demais cores podem ser escolhidas livremente.",
              "timedOut": null,
              "duration": 367,
              "state": "passed",
              "speed": "slow",
              "pass": true,
              "fail": false,
              "pending": false,
              "context": null,
              "code": "cy.get('.color').eq(1).should('not.have.css', 'background-color', BLACK);\ncy.get('.color').eq(1).should('not.have.css', 'background-color', WHITE);\ncy.get('.color').eq(1).should('not.have.css', 'background-color', 'rgba(0, 0, 0, 0)');\ncy.get('.color').eq(1).should('have.css', 'background-color');\ncy.get('.color').eq(2).should('not.have.css', 'background-color', BLACK);\ncy.get('.color').eq(2).should('not.have.css', 'background-color', WHITE);\ncy.get('.color').eq(2).should('not.have.css', 'background-color', 'rgba(0, 0, 0, 0)');\ncy.get('.color').eq(2).should('have.css', 'background-color');\ncy.get('.color').eq(3).should('not.have.css', 'background-color', BLACK);\ncy.get('.color').eq(3).should('not.have.css', 'background-color', WHITE);\ncy.get('.color').eq(3).should('not.have.css', 'background-color', 'rgba(0, 0, 0, 0)');\ncy.get('.color').eq(3).should('have.css', 'background-color');",
              "err": {},
              "uuid": "8d42ffa8-3d71-4ee2-8ef6-d00784c954f9",
              "parentUUID": "b9d779a5-338f-4101-8dca-861f503e4942",
              "isHook": false,
              "skipped": false
            }
          ],
          "suites": [],
          "passes": [
            "8676f085-1637-4751-a699-4ac5c1a5deaf",
            "8d42ffa8-3d71-4ee2-8ef6-d00784c954f9"
          ],
          "failures": [],
          "pending": [],
          "skipped": [],
          "duration": 546,
          "root": false,
          "rootEmpty": false,
          "_timeout": 2000
        },
        {
          "uuid": "987a38c2-6d3e-4de5-840f-8ac808d2b215",
          "title": "4 - Adicione à página um quadro de pixels, com 25 pixels.",
          "fullFile": "",
          "file": "",
          "beforeHooks": [],
          "afterHooks": [],
          "tests": [
            {
              "title": "Verifica se o quadro de pixels possui o `id` denominado `pixel-board`",
              "fullTitle": "4 - Adicione à página um quadro de pixels, com 25 pixels. Verifica se o quadro de pixels possui o `id` denominado `pixel-board`",
              "timedOut": null,
              "duration": 143,
              "state": "passed",
              "speed": "slow",
              "pass": true,
              "fail": false,
              "pending": false,
              "context": null,
              "code": "cy.get('#pixel-board').should('be.visible');",
              "err": {},
              "uuid": "e524dd13-5a2c-4ff8-98b1-761b3f4250e3",
              "parentUUID": "987a38c2-6d3e-4de5-840f-8ac808d2b215",
              "isHook": false,
              "skipped": false
            },
            {
              "title": "Verifica se cada pixel individual dentro do quadro possui a `classe` denominada `pixel`.",
              "fullTitle": "4 - Adicione à página um quadro de pixels, com 25 pixels. Verifica se cada pixel individual dentro do quadro possui a `classe` denominada `pixel`.",
              "timedOut": null,
              "duration": 227,
              "state": "passed",
              "speed": "slow",
              "pass": true,
              "fail": false,
              "pending": false,
              "context": null,
              "code": "cy.get('.pixel').should('have.length', 25);",
              "err": {},
              "uuid": "151aafd5-d38f-4948-bfad-0c7228c9785f",
              "parentUUID": "987a38c2-6d3e-4de5-840f-8ac808d2b215",
              "isHook": false,
              "skipped": false
            },
            {
              "title": "Verifica se a cor inicial dos pixels dentro do quadro, ao abrir a página, é branca.",
              "fullTitle": "4 - Adicione à página um quadro de pixels, com 25 pixels. Verifica se a cor inicial dos pixels dentro do quadro, ao abrir a página, é branca.",
              "timedOut": null,
              "duration": 304,
              "state": "passed",
              "speed": "slow",
              "pass": true,
              "fail": false,
              "pending": false,
              "context": null,
              "code": "cy.get('.pixel').should('have.length', 25).each(function (pixel) {\n  expect(pixel).to.have.css('background-color', WHITE);\n});",
              "err": {},
              "uuid": "0406b50f-ed8a-4eb2-b3c2-8f5b496fd2f8",
              "parentUUID": "987a38c2-6d3e-4de5-840f-8ac808d2b215",
              "isHook": false,
              "skipped": false
            },
            {
              "title": "Verifica se o quadro de pixels aparece abaixo da paleta de cores",
              "fullTitle": "4 - Adicione à página um quadro de pixels, com 25 pixels. Verifica se o quadro de pixels aparece abaixo da paleta de cores",
              "timedOut": null,
              "duration": 197,
              "state": "passed",
              "speed": "slow",
              "pass": true,
              "fail": false,
              "pending": false,
              "context": null,
              "code": "cy.get('#color-palette').then(function (palette) {\n  cy.get('#pixel-board').should('be.belowOf', palette);\n});",
              "err": {},
              "uuid": "2bfc03c5-b22b-47c4-be74-bac0f0177461",
              "parentUUID": "987a38c2-6d3e-4de5-840f-8ac808d2b215",
              "isHook": false,
              "skipped": false
            }
          ],
          "suites": [],
          "passes": [
            "e524dd13-5a2c-4ff8-98b1-761b3f4250e3",
            "151aafd5-d38f-4948-bfad-0c7228c9785f",
            "0406b50f-ed8a-4eb2-b3c2-8f5b496fd2f8",
            "2bfc03c5-b22b-47c4-be74-bac0f0177461"
          ],
          "failures": [],
          "pending": [],
          "skipped": [],
          "duration": 871,
          "root": false,
          "rootEmpty": false,
          "_timeout": 2000
        },
        {
          "uuid": "45777e52-ead9-406f-9fd5-d4f5a0c33d76",
          "title": "5 - Faça com que cada elemento do quadro de pixels possua 40 pixels de largura, 40 pixels de altura e seja delimitado por uma borda preta de 1 pixel.",
          "fullFile": "",
          "file": "",
          "beforeHooks": [],
          "afterHooks": [],
          "tests": [
            {
              "title": "Verifica se o quadro de pixels tem altura e comprimento de 5 elementos",
              "fullTitle": "5 - Faça com que cada elemento do quadro de pixels possua 40 pixels de largura, 40 pixels de altura e seja delimitado por uma borda preta de 1 pixel. Verifica se o quadro de pixels tem altura e comprimento de 5 elementos",
              "timedOut": null,
              "duration": 502,
              "state": "passed",
              "speed": "slow",
              "pass": true,
              "fail": false,
              "pending": false,
              "context": null,
              "code": "cy.get('.pixel').should('have.length', 25).each(function (pixel) {\n  expect(pixel).to.have.css('background-color', WHITE);\n}).and(function (pixels) {\n  var rows = chunk(pixels, 5);\n  rows.forEach(function (row) {\n    for (var index = 1; index < row.length; index += 1) {\n      var current = pixels[index];\n      var previous = pixels[index - 1];\n      cy.wrap(current).should('be.onTheRightOf', previous).and('be.horizontallyAlignedWith', previous);\n    }\n  });\n  for (var index = 1; index < 5; index += 1) {\n    expect(pixels[index * 5]).to.be.belowOf(pixels[(index - 1) * 5]);\n  }\n});",
              "err": {},
              "uuid": "3fdc61e8-70d8-43b7-8ca5-7ea06e4a19c5",
              "parentUUID": "45777e52-ead9-406f-9fd5-d4f5a0c33d76",
              "isHook": false,
              "skipped": false
            },
            {
              "title": "Verifica se 40 pixels é o tamanho total do elemento, incluindo seu conteúdo e excluindo a borda preta, que deve ser criada à parte.",
              "fullTitle": "5 - Faça com que cada elemento do quadro de pixels possua 40 pixels de largura, 40 pixels de altura e seja delimitado por uma borda preta de 1 pixel. Verifica se 40 pixels é o tamanho total do elemento, incluindo seu conteúdo e excluindo a borda preta, que deve ser criada à parte.",
              "timedOut": null,
              "duration": 408,
              "state": "passed",
              "speed": "slow",
              "pass": true,
              "fail": false,
              "pending": false,
              "context": null,
              "code": "cy.get('.pixel').each(function (pixel) {\n  cy.wrap(pixel).should('have.css', 'height', '40px').and('have.css', 'width', '40px').and('have.css', 'border', \"1px solid \".concat(BLACK));\n});",
              "err": {},
              "uuid": "b6b3dfbe-bc6c-4835-8c66-eb981bb6469d",
              "parentUUID": "45777e52-ead9-406f-9fd5-d4f5a0c33d76",
              "isHook": false,
              "skipped": false
            }
          ],
          "suites": [],
          "passes": [
            "3fdc61e8-70d8-43b7-8ca5-7ea06e4a19c5",
            "b6b3dfbe-bc6c-4835-8c66-eb981bb6469d"
          ],
          "failures": [],
          "pending": [],
          "skipped": [],
          "duration": 910,
          "root": false,
          "rootEmpty": false,
          "_timeout": 2000
        },
        {
          "uuid": "f01a6e34-a7bb-422d-aeae-bfc29f286368",
          "title": "6 - Defina a cor preta como cor inicial. Ao carregar a página a cor preta já deve estar selecionada para pintar os pixels",
          "fullFile": "",
          "file": "",
          "beforeHooks": [],
          "afterHooks": [],
          "tests": [
            {
              "title": "Verifica se o elemento da cor preta possui, inicialmente, a `classe` `selected`",
              "fullTitle": "6 - Defina a cor preta como cor inicial. Ao carregar a página a cor preta já deve estar selecionada para pintar os pixels Verifica se o elemento da cor preta possui, inicialmente, a `classe` `selected`",
              "timedOut": null,
              "duration": 140,
              "state": "passed",
              "speed": "slow",
              "pass": true,
              "fail": false,
              "pending": false,
              "context": null,
              "code": "cy.get('.selected').first().should('have.css', 'background-color', BLACK);",
              "err": {},
              "uuid": "5e886712-f261-4f70-b638-6476d3f2fa14",
              "parentUUID": "f01a6e34-a7bb-422d-aeae-bfc29f286368",
              "isHook": false,
              "skipped": false
            },
            {
              "title": "Verifica se nenhuma outra cor da paleta tem a `classe` `selected`",
              "fullTitle": "6 - Defina a cor preta como cor inicial. Ao carregar a página a cor preta já deve estar selecionada para pintar os pixels Verifica se nenhuma outra cor da paleta tem a `classe` `selected`",
              "timedOut": null,
              "duration": 127,
              "state": "passed",
              "speed": "slow",
              "pass": true,
              "fail": false,
              "pending": false,
              "context": null,
              "code": "cy.get('.color:not(:first-child)').each(function (color) {\n  cy.wrap(color).should('not.have.class', 'selected');\n});",
              "err": {},
              "uuid": "e3cc2c91-d721-4720-a3a1-bb3a9cf11347",
              "parentUUID": "f01a6e34-a7bb-422d-aeae-bfc29f286368",
              "isHook": false,
              "skipped": false
            }
          ],
          "suites": [],
          "passes": [
            "5e886712-f261-4f70-b638-6476d3f2fa14",
            "e3cc2c91-d721-4720-a3a1-bb3a9cf11347"
          ],
          "failures": [],
          "pending": [],
          "skipped": [],
          "duration": 267,
          "root": false,
          "rootEmpty": false,
          "_timeout": 2000
        },
        {
          "uuid": "3e1d56e8-69d3-49e8-8e0a-ffa4d4775b9e",
          "title": "7 - Clicar em uma das cores da paleta, faz com que ela seja selecionada e utilizada para preencher os pixels no quadro.",
          "fullFile": "",
          "file": "",
          "beforeHooks": [],
          "afterHooks": [],
          "tests": [
            {
              "title": "Verifica se somente uma cor da paleta de cores tem a classe `selected` de cada vez",
              "fullTitle": "7 - Clicar em uma das cores da paleta, faz com que ela seja selecionada e utilizada para preencher os pixels no quadro. Verifica se somente uma cor da paleta de cores tem a classe `selected` de cada vez",
              "timedOut": null,
              "duration": 563,
              "state": "passed",
              "speed": "slow",
              "pass": true,
              "fail": false,
              "pending": false,
              "context": null,
              "code": "cy.get('.color').each(function (selectedColor, selectedColorIndex) {\n  cy.wrap(selectedColor).click();\n  cy.get('.color').each(function (color, colorIndex) {\n    if (colorIndex === selectedColorIndex) {\n      expect(color).to.have[\"class\"]('selected');\n    } else {\n      expect(color).not.to.have[\"class\"]('selected');\n    }\n  });\n});",
              "err": {},
              "uuid": "6cd2f860-be5e-4988-bbd6-108ec45877fb",
              "parentUUID": "3e1d56e8-69d3-49e8-8e0a-ffa4d4775b9e",
              "isHook": false,
              "skipped": false
            },
            {
              "title": "Verifica se os pixels dentro do quadro não têm a classe `selected` quando são clicados",
              "fullTitle": "7 - Clicar em uma das cores da paleta, faz com que ela seja selecionada e utilizada para preencher os pixels no quadro. Verifica se os pixels dentro do quadro não têm a classe `selected` quando são clicados",
              "timedOut": null,
              "duration": 9420,
              "state": "passed",
              "speed": "slow",
              "pass": true,
              "fail": false,
              "pending": false,
              "context": null,
              "code": "cy.get('.color').each(function (color) {\n  var backgroundColor = color.css('background-color');\n  cy.wrap(color).click();\n  cy.get('.pixel').each(function (pixel) {\n    cy.wrap(pixel).click().should('not.have.class', 'selected');\n  });\n});",
              "err": {},
              "uuid": "4afc0263-1c05-42ee-828c-74bf795cbb50",
              "parentUUID": "3e1d56e8-69d3-49e8-8e0a-ffa4d4775b9e",
              "isHook": false,
              "skipped": false
            }
          ],
          "suites": [],
          "passes": [
            "6cd2f860-be5e-4988-bbd6-108ec45877fb",
            "4afc0263-1c05-42ee-828c-74bf795cbb50"
          ],
          "failures": [],
          "pending": [],
          "skipped": [],
          "duration": 9983,
          "root": false,
          "rootEmpty": false,
          "_timeout": 2000
        },
        {
          "uuid": "b5b7fa89-1b8b-4c92-b351-05abb07bb0d1",
          "title": "8 - Clicar em um pixel dentro do quadro após selecionar uma cor na paleta, faz com que o pixel seja preenchido com a cor selecionada.",
          "fullFile": "",
          "file": "",
          "beforeHooks": [],
          "afterHooks": [],
          "tests": [
            {
              "title": "Verifica se ao carregar a página deve ser possível pintar os pixels de preto",
              "fullTitle": "8 - Clicar em um pixel dentro do quadro após selecionar uma cor na paleta, faz com que o pixel seja preenchido com a cor selecionada. Verifica se ao carregar a página deve ser possível pintar os pixels de preto",
              "timedOut": null,
              "duration": 2459,
              "state": "passed",
              "speed": "slow",
              "pass": true,
              "fail": false,
              "pending": false,
              "context": null,
              "code": "cy.get('.pixel').each(function (pixel) {\n  cy.wrap(pixel).click().should('have.css', 'background-color', BLACK);\n});",
              "err": {},
              "uuid": "cf7ae21d-2648-4ef2-a277-44cebeb049e2",
              "parentUUID": "b5b7fa89-1b8b-4c92-b351-05abb07bb0d1",
              "isHook": false,
              "skipped": false
            },
            {
              "title": "Verifica se após selecionar uma outra cor na paleta, é possível pintar os pixels com essa cor",
              "fullTitle": "8 - Clicar em um pixel dentro do quadro após selecionar uma cor na paleta, faz com que o pixel seja preenchido com a cor selecionada. Verifica se após selecionar uma outra cor na paleta, é possível pintar os pixels com essa cor",
              "timedOut": null,
              "duration": 9332,
              "state": "passed",
              "speed": "slow",
              "pass": true,
              "fail": false,
              "pending": false,
              "context": null,
              "code": "cy.get('.color').each(function (color) {\n  var backgroundColor = color.css('background-color');\n  cy.wrap(color).click();\n  cy.get('.pixel').each(function (pixel) {\n    cy.wrap(pixel).click().should('have.css', 'background-color', backgroundColor);\n  });\n});",
              "err": {},
              "uuid": "1cb081cf-c0b4-4339-a3be-6dcda64d8009",
              "parentUUID": "b5b7fa89-1b8b-4c92-b351-05abb07bb0d1",
              "isHook": false,
              "skipped": false
            },
            {
              "title": "Verifica se somente o pixel que foi clicado foi preenchido com a cor selecionada, sem influenciar na cor dos demais pixels.",
              "fullTitle": "8 - Clicar em um pixel dentro do quadro após selecionar uma cor na paleta, faz com que o pixel seja preenchido com a cor selecionada. Verifica se somente o pixel que foi clicado foi preenchido com a cor selecionada, sem influenciar na cor dos demais pixels.",
              "timedOut": null,
              "duration": 2223,
              "state": "passed",
              "speed": "slow",
              "pass": true,
              "fail": false,
              "pending": false,
              "context": null,
              "code": "var colorToPixelIndexMap = {\n  0: 6,\n  1: 8,\n  2: 16,\n  3: 18\n};\ncy.get('.color').each(function (color, index) {\n  cy.wrap(color).click();\n  var backgroundColor = color.css('background-color');\n  var clickedPixelIndex = colorToPixelIndexMap[index];\n  cy.get('.pixel').eq(clickedPixelIndex).click();\n  cy.get('.pixel').eq(clickedPixelIndex - 1).should('not.have.css', 'background-color', backgroundColor);\n  cy.get('.pixel').eq(clickedPixelIndex + 1).should('not.have.css', 'background-color', backgroundColor);\n  cy.get('.pixel').eq(clickedPixelIndex - 5).should('not.have.css', 'background-color', backgroundColor);\n  cy.get('.pixel').eq(clickedPixelIndex + 5).should('not.have.css', 'background-color', backgroundColor);\n  cy.get('.pixel').eq(clickedPixelIndex - 6).should('not.have.css', 'background-color', backgroundColor);\n  cy.get('.pixel').eq(clickedPixelIndex - 4).should('not.have.css', 'background-color', backgroundColor);\n  cy.get('.pixel').eq(clickedPixelIndex + 4).should('not.have.css', 'background-color', backgroundColor);\n  cy.get('.pixel').eq(clickedPixelIndex + 6).should('not.have.css', 'background-color', backgroundColor);\n});",
              "err": {},
              "uuid": "c39b5548-e9e4-4ee4-96ca-94d5d381950f",
              "parentUUID": "b5b7fa89-1b8b-4c92-b351-05abb07bb0d1",
              "isHook": false,
              "skipped": false
            }
          ],
          "suites": [],
          "passes": [
            "cf7ae21d-2648-4ef2-a277-44cebeb049e2",
            "1cb081cf-c0b4-4339-a3be-6dcda64d8009",
            "c39b5548-e9e4-4ee4-96ca-94d5d381950f"
          ],
          "failures": [],
          "pending": [],
          "skipped": [],
          "duration": 14014,
          "root": false,
          "rootEmpty": false,
          "_timeout": 2000
        },
        {
          "uuid": "23183daf-3f99-43d6-89b2-65c4d82b70dd",
          "title": "9 - Crie um botão que, ao ser clicado, limpa o quadro preenchendo a cor de todos seus pixels com branco.",
          "fullFile": "",
          "file": "",
          "beforeHooks": [],
          "afterHooks": [],
          "tests": [
            {
              "title": "Verifica se o botão tem o `id` denominado `clear-board`",
              "fullTitle": "9 - Crie um botão que, ao ser clicado, limpa o quadro preenchendo a cor de todos seus pixels com branco. Verifica se o botão tem o `id` denominado `clear-board`",
              "timedOut": null,
              "duration": 236,
              "state": "passed",
              "speed": "slow",
              "pass": true,
              "fail": false,
              "pending": false,
              "context": null,
              "code": "cy.get('#clear-board').should('be.visible');",
              "err": {},
              "uuid": "4dc998f3-cc14-4d2a-a502-e987eb83c4f1",
              "parentUUID": "23183daf-3f99-43d6-89b2-65c4d82b70dd",
              "isHook": false,
              "skipped": false
            },
            {
              "title": "Verifica se o botão está posicionado entre a paleta de cores e o quadro de pixels",
              "fullTitle": "9 - Crie um botão que, ao ser clicado, limpa o quadro preenchendo a cor de todos seus pixels com branco. Verifica se o botão está posicionado entre a paleta de cores e o quadro de pixels",
              "timedOut": null,
              "duration": 128,
              "state": "passed",
              "speed": "slow",
              "pass": true,
              "fail": false,
              "pending": false,
              "context": null,
              "code": "cy.get('#color-palette').then(function (palette) {\n  cy.get('#clear-board').should('be.belowOf', palette);\n});\ncy.get('#clear-board').then(function (clearBtn) {\n  cy.get('#pixel-board').should('be.belowOf', clearBtn);\n});",
              "err": {},
              "uuid": "7f30881f-8fd5-4d01-8fd6-22c777b1d4bb",
              "parentUUID": "23183daf-3f99-43d6-89b2-65c4d82b70dd",
              "isHook": false,
              "skipped": false
            },
            {
              "title": "Verifica se o texto do botão é 'Limpar'",
              "fullTitle": "9 - Crie um botão que, ao ser clicado, limpa o quadro preenchendo a cor de todos seus pixels com branco. Verifica se o texto do botão é 'Limpar'",
              "timedOut": null,
              "duration": 122,
              "state": "passed",
              "speed": "slow",
              "pass": true,
              "fail": false,
              "pending": false,
              "context": null,
              "code": "cy.get('#clear-board').should('contain.text', 'Limpar');",
              "err": {},
              "uuid": "067c23f0-8410-4576-a270-892ec4325199",
              "parentUUID": "23183daf-3f99-43d6-89b2-65c4d82b70dd",
              "isHook": false,
              "skipped": false
            },
            {
              "title": "Verifica se ao clicar no botão, o quadro de pixels é totalmente preenchido de branco",
              "fullTitle": "9 - Crie um botão que, ao ser clicado, limpa o quadro preenchendo a cor de todos seus pixels com branco. Verifica se ao clicar no botão, o quadro de pixels é totalmente preenchido de branco",
              "timedOut": null,
              "duration": 2618,
              "state": "passed",
              "speed": "slow",
              "pass": true,
              "fail": false,
              "pending": false,
              "context": null,
              "code": "cy.get('.color').eq(1).then(function (color) {\n  var backgroundColor = color.css('background-color');\n  cy.wrap(color).click();\n  cy.get('.pixel').each(function (pixel) {\n    cy.wrap(pixel).click().should('have.css', 'background-color', backgroundColor);\n  });\n});\ncy.get('#clear-board').click();\ncy.get('.pixel').each(function (pixel) {\n  cy.wrap(pixel).should('have.css', 'background-color', WHITE);\n});",
              "err": {},
              "uuid": "aaa54b00-4675-4078-8840-127719974088",
              "parentUUID": "23183daf-3f99-43d6-89b2-65c4d82b70dd",
              "isHook": false,
              "skipped": false
            }
          ],
          "suites": [],
          "passes": [
            "4dc998f3-cc14-4d2a-a502-e987eb83c4f1",
            "7f30881f-8fd5-4d01-8fd6-22c777b1d4bb",
            "067c23f0-8410-4576-a270-892ec4325199",
            "aaa54b00-4675-4078-8840-127719974088"
          ],
          "failures": [],
          "pending": [],
          "skipped": [],
          "duration": 3104,
          "root": false,
          "rootEmpty": false,
          "_timeout": 2000
        },
        {
          "uuid": "1b900814-1a90-40d5-ae8a-f01a52a2cd32",
          "title": "10 - Faça o quadro de pixels ter seu tamanho definido pelo usuário.",
          "fullFile": "",
          "file": "",
          "beforeHooks": [],
          "afterHooks": [],
          "tests": [
            {
              "title": "Verifica se existe um input com o id `board-size`",
              "fullTitle": "10 - Faça o quadro de pixels ter seu tamanho definido pelo usuário. Verifica se existe um input com o id `board-size`",
              "timedOut": null,
              "duration": 4491,
              "state": "failed",
              "speed": null,
              "pass": false,
              "fail": true,
              "pending": false,
              "context": null,
              "code": "cy.get('#board-size').should('be.visible');",
              "err": {
                "message": "CypressError: Timed out retrying: Expected to find element: '#board-size', but never found it.",
                "estack": "CypressError: Timed out retrying: Expected to find element: '#board-size', but never found it.\n    at cypressErr (http://localhost:35909/__cypress/runner/cypress_runner.js:149934:9)\n    at throwErr (http://localhost:35909/__cypress/runner/cypress_runner.js:149867:11)\n    at Object.throwErrByPath (http://localhost:35909/__cypress/runner/cypress_runner.js:149915:3)\n    at retry (http://localhost:35909/__cypress/runner/cypress_runner.js:144197:19)\n    at onFailFn (http://localhost:35909/__cypress/runner/cypress_runner.js:132448:16)\n    at tryCatcher (http://localhost:35909/__cypress/runner/cypress_runner.js:167415:23)\n    at Promise._settlePromiseFromHandler (http://localhost:35909/__cypress/runner/cypress_runner.js:165351:31)\n    at Promise._settlePromise (http://localhost:35909/__cypress/runner/cypress_runner.js:165408:18)\n    at Promise._settlePromise0 (http://localhost:35909/__cypress/runner/cypress_runner.js:165453:10)\n    at Promise._settlePromises (http://localhost:35909/__cypress/runner/cypress_runner.js:165528:18)\n    at Async../node_modules/bluebird/js/release/async.js.Async._drainQueue (http://localhost:35909/__cypress/runner/cypress_runner.js:162140:16)\n    at Async../node_modules/bluebird/js/release/async.js.Async._drainQueues (http://localhost:35909/__cypress/runner/cypress_runner.js:162150:10)\n    at Async.drainQueues (http://localhost:35909/__cypress/runner/cypress_runner.js:162024:14)",
                "diff": null
              },
              "uuid": "5305477a-320f-4c3f-8457-0adde83fa89a",
              "parentUUID": "1b900814-1a90-40d5-ae8a-f01a52a2cd32",
              "isHook": false,
              "skipped": false
            },
            {
              "title": "Verifica se existe um botão com o id `generate-board`",
              "fullTitle": "10 - Faça o quadro de pixels ter seu tamanho definido pelo usuário. Verifica se existe um botão com o id `generate-board`",
              "timedOut": null,
              "duration": 4404,
              "state": "failed",
              "speed": null,
              "pass": false,
              "fail": true,
              "pending": false,
              "context": null,
              "code": "cy.get('#generate-board').should('be.visible');",
              "err": {
                "message": "CypressError: Timed out retrying: Expected to find element: '#generate-board', but never found it.",
                "estack": "CypressError: Timed out retrying: Expected to find element: '#generate-board', but never found it.\n    at cypressErr (http://localhost:35909/__cypress/runner/cypress_runner.js:149934:9)\n    at throwErr (http://localhost:35909/__cypress/runner/cypress_runner.js:149867:11)\n    at Object.throwErrByPath (http://localhost:35909/__cypress/runner/cypress_runner.js:149915:3)\n    at retry (http://localhost:35909/__cypress/runner/cypress_runner.js:144197:19)\n    at onFailFn (http://localhost:35909/__cypress/runner/cypress_runner.js:132448:16)\n    at tryCatcher (http://localhost:35909/__cypress/runner/cypress_runner.js:167415:23)\n    at Promise._settlePromiseFromHandler (http://localhost:35909/__cypress/runner/cypress_runner.js:165351:31)\n    at Promise._settlePromise (http://localhost:35909/__cypress/runner/cypress_runner.js:165408:18)\n    at Promise._settlePromise0 (http://localhost:35909/__cypress/runner/cypress_runner.js:165453:10)\n    at Promise._settlePromises (http://localhost:35909/__cypress/runner/cypress_runner.js:165528:18)\n    at Async../node_modules/bluebird/js/release/async.js.Async._drainQueue (http://localhost:35909/__cypress/runner/cypress_runner.js:162140:16)\n    at Async../node_modules/bluebird/js/release/async.js.Async._drainQueues (http://localhost:35909/__cypress/runner/cypress_runner.js:162150:10)\n    at Async.drainQueues (http://localhost:35909/__cypress/runner/cypress_runner.js:162024:14)",
                "diff": null
              },
              "uuid": "44b1f9e5-4ffe-4167-8b1e-da2a93e5c928",
              "parentUUID": "1b900814-1a90-40d5-ae8a-f01a52a2cd32",
              "isHook": false,
              "skipped": false
            },
            {
              "title": "Verifica se o input só aceita número maiores que zero. Essa restrição deve ser feita usando os atributos do elemento `input`",
              "fullTitle": "10 - Faça o quadro de pixels ter seu tamanho definido pelo usuário. Verifica se o input só aceita número maiores que zero. Essa restrição deve ser feita usando os atributos do elemento `input`",
              "timedOut": null,
              "duration": 4406,
              "state": "failed",
              "speed": null,
              "pass": false,
              "fail": true,
              "pending": false,
              "context": null,
              "code": "cy.get('#board-size[type=\\'number\\'][min=\\'1\\']');",
              "err": {
                "message": "CypressError: Timed out retrying: Expected to find element: '#board-size[type='number'][min='1']', but never found it.",
                "estack": "CypressError: Timed out retrying: Expected to find element: '#board-size[type='number'][min='1']', but never found it.\n    at cypressErr (http://localhost:35909/__cypress/runner/cypress_runner.js:149934:9)\n    at throwErr (http://localhost:35909/__cypress/runner/cypress_runner.js:149867:11)\n    at Object.throwErrByPath (http://localhost:35909/__cypress/runner/cypress_runner.js:149915:3)\n    at retry (http://localhost:35909/__cypress/runner/cypress_runner.js:144197:19)\n    at onFailFn (http://localhost:35909/__cypress/runner/cypress_runner.js:132448:16)\n    at tryCatcher (http://localhost:35909/__cypress/runner/cypress_runner.js:167415:23)\n    at Promise._settlePromiseFromHandler (http://localhost:35909/__cypress/runner/cypress_runner.js:165351:31)\n    at Promise._settlePromise (http://localhost:35909/__cypress/runner/cypress_runner.js:165408:18)\n    at Promise._settlePromise0 (http://localhost:35909/__cypress/runner/cypress_runner.js:165453:10)\n    at Promise._settlePromises (http://localhost:35909/__cypress/runner/cypress_runner.js:165528:18)\n    at Async../node_modules/bluebird/js/release/async.js.Async._drainQueue (http://localhost:35909/__cypress/runner/cypress_runner.js:162140:16)\n    at Async../node_modules/bluebird/js/release/async.js.Async._drainQueues (http://localhost:35909/__cypress/runner/cypress_runner.js:162150:10)\n    at Async.drainQueues (http://localhost:35909/__cypress/runner/cypress_runner.js:162024:14)",
                "diff": null
              },
              "uuid": "9d8a410f-cb99-460b-85d6-5a3cf07c23f5",
              "parentUUID": "1b900814-1a90-40d5-ae8a-f01a52a2cd32",
              "isHook": false,
              "skipped": false
            },
            {
              "title": "Verifica se o botão contém o texto 'VQV'",
              "fullTitle": "10 - Faça o quadro de pixels ter seu tamanho definido pelo usuário. Verifica se o botão contém o texto 'VQV'",
              "timedOut": null,
              "duration": 4373,
              "state": "failed",
              "speed": null,
              "pass": false,
              "fail": true,
              "pending": false,
              "context": null,
              "code": "cy.get('#generate-board').contains(/vqv/i);",
              "err": {
                "message": "CypressError: Timed out retrying: Expected to find element: '#generate-board', but never found it.",
                "estack": "CypressError: Timed out retrying: Expected to find element: '#generate-board', but never found it.\n    at cypressErr (http://localhost:35909/__cypress/runner/cypress_runner.js:149934:9)\n    at throwErr (http://localhost:35909/__cypress/runner/cypress_runner.js:149867:11)\n    at Object.throwErrByPath (http://localhost:35909/__cypress/runner/cypress_runner.js:149915:3)\n    at retry (http://localhost:35909/__cypress/runner/cypress_runner.js:144197:19)\n    at onFailFn (http://localhost:35909/__cypress/runner/cypress_runner.js:132448:16)\n    at tryCatcher (http://localhost:35909/__cypress/runner/cypress_runner.js:167415:23)\n    at Promise._settlePromiseFromHandler (http://localhost:35909/__cypress/runner/cypress_runner.js:165351:31)\n    at Promise._settlePromise (http://localhost:35909/__cypress/runner/cypress_runner.js:165408:18)\n    at Promise._settlePromise0 (http://localhost:35909/__cypress/runner/cypress_runner.js:165453:10)\n    at Promise._settlePromises (http://localhost:35909/__cypress/runner/cypress_runner.js:165528:18)\n    at Async../node_modules/bluebird/js/release/async.js.Async._drainQueue (http://localhost:35909/__cypress/runner/cypress_runner.js:162140:16)\n    at Async../node_modules/bluebird/js/release/async.js.Async._drainQueues (http://localhost:35909/__cypress/runner/cypress_runner.js:162150:10)\n    at Async.drainQueues (http://localhost:35909/__cypress/runner/cypress_runner.js:162024:14)",
                "diff": null
              },
              "uuid": "a20b9992-7d77-40ff-8057-e39c2f12415a",
              "parentUUID": "1b900814-1a90-40d5-ae8a-f01a52a2cd32",
              "isHook": false,
              "skipped": false
            },
            {
              "title": "Verifica se o input está posicionado entre a paleta de cores e o quadro de pixels",
              "fullTitle": "10 - Faça o quadro de pixels ter seu tamanho definido pelo usuário. Verifica se o input está posicionado entre a paleta de cores e o quadro de pixels",
              "timedOut": null,
              "duration": 4387,
              "state": "failed",
              "speed": null,
              "pass": false,
              "fail": true,
              "pending": false,
              "context": null,
              "code": "cy.get('#color-palette').then(function (palette) {\n  cy.get('#board-size').should('be.belowOf', palette);\n});\ncy.get('#board-size').then(function (palette) {\n  cy.get('#pixel-board').should('be.belowOf', palette);\n});",
              "err": {
                "message": "CypressError: Timed out retrying: Expected to find element: '#board-size', but never found it.",
                "estack": "CypressError: Timed out retrying: Expected to find element: '#board-size', but never found it.\n    at cypressErr (http://localhost:35909/__cypress/runner/cypress_runner.js:149934:9)\n    at throwErr (http://localhost:35909/__cypress/runner/cypress_runner.js:149867:11)\n    at Object.throwErrByPath (http://localhost:35909/__cypress/runner/cypress_runner.js:149915:3)\n    at retry (http://localhost:35909/__cypress/runner/cypress_runner.js:144197:19)\n    at onFailFn (http://localhost:35909/__cypress/runner/cypress_runner.js:132448:16)\n    at tryCatcher (http://localhost:35909/__cypress/runner/cypress_runner.js:167415:23)\n    at Promise._settlePromiseFromHandler (http://localhost:35909/__cypress/runner/cypress_runner.js:165351:31)\n    at Promise._settlePromise (http://localhost:35909/__cypress/runner/cypress_runner.js:165408:18)\n    at Promise._settlePromise0 (http://localhost:35909/__cypress/runner/cypress_runner.js:165453:10)\n    at Promise._settlePromises (http://localhost:35909/__cypress/runner/cypress_runner.js:165528:18)\n    at Async../node_modules/bluebird/js/release/async.js.Async._drainQueue (http://localhost:35909/__cypress/runner/cypress_runner.js:162140:16)\n    at Async../node_modules/bluebird/js/release/async.js.Async._drainQueues (http://localhost:35909/__cypress/runner/cypress_runner.js:162150:10)\n    at Async.drainQueues (http://localhost:35909/__cypress/runner/cypress_runner.js:162024:14)",
                "diff": null
              },
              "uuid": "dc6d2a93-9d48-414d-a21e-7c6511bb2cde",
              "parentUUID": "1b900814-1a90-40d5-ae8a-f01a52a2cd32",
              "isHook": false,
              "skipped": false
            },
            {
              "title": "Verifica se o botão está posicionado ao lado do input",
              "fullTitle": "10 - Faça o quadro de pixels ter seu tamanho definido pelo usuário. Verifica se o botão está posicionado ao lado do input",
              "timedOut": null,
              "duration": 4372,
              "state": "failed",
              "speed": null,
              "pass": false,
              "fail": true,
              "pending": false,
              "context": null,
              "code": "cy.get('#board-size').then(function (board) {\n  cy.get('#generate-board').should('be.onTheRightOf', board);\n});",
              "err": {
                "message": "CypressError: Timed out retrying: Expected to find element: '#board-size', but never found it.",
                "estack": "CypressError: Timed out retrying: Expected to find element: '#board-size', but never found it.\n    at cypressErr (http://localhost:35909/__cypress/runner/cypress_runner.js:149934:9)\n    at throwErr (http://localhost:35909/__cypress/runner/cypress_runner.js:149867:11)\n    at Object.throwErrByPath (http://localhost:35909/__cypress/runner/cypress_runner.js:149915:3)\n    at retry (http://localhost:35909/__cypress/runner/cypress_runner.js:144197:19)\n    at onFailFn (http://localhost:35909/__cypress/runner/cypress_runner.js:132448:16)\n    at tryCatcher (http://localhost:35909/__cypress/runner/cypress_runner.js:167415:23)\n    at Promise._settlePromiseFromHandler (http://localhost:35909/__cypress/runner/cypress_runner.js:165351:31)\n    at Promise._settlePromise (http://localhost:35909/__cypress/runner/cypress_runner.js:165408:18)\n    at Promise._settlePromise0 (http://localhost:35909/__cypress/runner/cypress_runner.js:165453:10)\n    at Promise._settlePromises (http://localhost:35909/__cypress/runner/cypress_runner.js:165528:18)\n    at Async../node_modules/bluebird/js/release/async.js.Async._drainQueue (http://localhost:35909/__cypress/runner/cypress_runner.js:162140:16)\n    at Async../node_modules/bluebird/js/release/async.js.Async._drainQueues (http://localhost:35909/__cypress/runner/cypress_runner.js:162150:10)\n    at Async.drainQueues (http://localhost:35909/__cypress/runner/cypress_runner.js:162024:14)",
                "diff": null
              },
              "uuid": "25c294fb-e09b-4bed-9ef2-50c8f00afc5e",
              "parentUUID": "1b900814-1a90-40d5-ae8a-f01a52a2cd32",
              "isHook": false,
              "skipped": false
            },
            {
              "title": "Verifica se nenhum valor for colocado no input ao clicar no botão, um `alert` é exibido com o texto: 'Board inválido!'",
              "fullTitle": "10 - Faça o quadro de pixels ter seu tamanho definido pelo usuário. Verifica se nenhum valor for colocado no input ao clicar no botão, um `alert` é exibido com o texto: 'Board inválido!'",
              "timedOut": null,
              "duration": 4375,
              "state": "failed",
              "speed": null,
              "pass": false,
              "fail": true,
              "pending": false,
              "context": null,
              "code": "var alerted = false;\ncy.on('window:alert', function (msg) {\n  return alerted = msg;\n});\ncy.get('#generate-board').click().then(function () {\n  return expect(alerted).to.match(/Board inválido!/i);\n});",
              "err": {
                "message": "CypressError: Timed out retrying: Expected to find element: '#generate-board', but never found it.",
                "estack": "CypressError: Timed out retrying: Expected to find element: '#generate-board', but never found it.\n    at cypressErr (http://localhost:35909/__cypress/runner/cypress_runner.js:149934:9)\n    at throwErr (http://localhost:35909/__cypress/runner/cypress_runner.js:149867:11)\n    at Object.throwErrByPath (http://localhost:35909/__cypress/runner/cypress_runner.js:149915:3)\n    at retry (http://localhost:35909/__cypress/runner/cypress_runner.js:144197:19)\n    at onFailFn (http://localhost:35909/__cypress/runner/cypress_runner.js:132448:16)\n    at tryCatcher (http://localhost:35909/__cypress/runner/cypress_runner.js:167415:23)\n    at Promise._settlePromiseFromHandler (http://localhost:35909/__cypress/runner/cypress_runner.js:165351:31)\n    at Promise._settlePromise (http://localhost:35909/__cypress/runner/cypress_runner.js:165408:18)\n    at Promise._settlePromise0 (http://localhost:35909/__cypress/runner/cypress_runner.js:165453:10)\n    at Promise._settlePromises (http://localhost:35909/__cypress/runner/cypress_runner.js:165528:18)\n    at Async../node_modules/bluebird/js/release/async.js.Async._drainQueue (http://localhost:35909/__cypress/runner/cypress_runner.js:162140:16)\n    at Async../node_modules/bluebird/js/release/async.js.Async._drainQueues (http://localhost:35909/__cypress/runner/cypress_runner.js:162150:10)\n    at Async.drainQueues (http://localhost:35909/__cypress/runner/cypress_runner.js:162024:14)",
                "diff": null
              },
              "uuid": "fb0b2605-428a-4801-ad07-33b6c2c5c9e0",
              "parentUUID": "1b900814-1a90-40d5-ae8a-f01a52a2cd32",
              "isHook": false,
              "skipped": false
            },
            {
              "title": "Verifica se ao clicar no botão com um valor preenchido, o tamanho do board muda.",
              "fullTitle": "10 - Faça o quadro de pixels ter seu tamanho definido pelo usuário. Verifica se ao clicar no botão com um valor preenchido, o tamanho do board muda.",
              "timedOut": null,
              "duration": 4396,
              "state": "failed",
              "speed": null,
              "pass": false,
              "fail": true,
              "pending": false,
              "context": null,
              "code": "cy.get('#board-size').clear().type(10);\ncy.get('#generate-board').click();\ncy.get('.pixel').should('have.length', 100);",
              "err": {
                "message": "CypressError: Timed out retrying: Expected to find element: '#board-size', but never found it.",
                "estack": "CypressError: Timed out retrying: Expected to find element: '#board-size', but never found it.\n    at cypressErr (http://localhost:35909/__cypress/runner/cypress_runner.js:149934:9)\n    at throwErr (http://localhost:35909/__cypress/runner/cypress_runner.js:149867:11)\n    at Object.throwErrByPath (http://localhost:35909/__cypress/runner/cypress_runner.js:149915:3)\n    at retry (http://localhost:35909/__cypress/runner/cypress_runner.js:144197:19)\n    at onFailFn (http://localhost:35909/__cypress/runner/cypress_runner.js:132448:16)\n    at tryCatcher (http://localhost:35909/__cypress/runner/cypress_runner.js:167415:23)\n    at Promise._settlePromiseFromHandler (http://localhost:35909/__cypress/runner/cypress_runner.js:165351:31)\n    at Promise._settlePromise (http://localhost:35909/__cypress/runner/cypress_runner.js:165408:18)\n    at Promise._settlePromise0 (http://localhost:35909/__cypress/runner/cypress_runner.js:165453:10)\n    at Promise._settlePromises (http://localhost:35909/__cypress/runner/cypress_runner.js:165528:18)\n    at Async../node_modules/bluebird/js/release/async.js.Async._drainQueue (http://localhost:35909/__cypress/runner/cypress_runner.js:162140:16)\n    at Async../node_modules/bluebird/js/release/async.js.Async._drainQueues (http://localhost:35909/__cypress/runner/cypress_runner.js:162150:10)\n    at Async.drainQueues (http://localhost:35909/__cypress/runner/cypress_runner.js:162024:14)",
                "diff": null
              },
              "uuid": "cc9e83cc-6781-4996-9588-f04d9d80d4b3",
              "parentUUID": "1b900814-1a90-40d5-ae8a-f01a52a2cd32",
              "isHook": false,
              "skipped": false
            },
            {
              "title": "Verifica se o novo quadro tem todos os pixels preenchidos com a cor branca",
              "fullTitle": "10 - Faça o quadro de pixels ter seu tamanho definido pelo usuário. Verifica se o novo quadro tem todos os pixels preenchidos com a cor branca",
              "timedOut": null,
              "duration": 4384,
              "state": "failed",
              "speed": null,
              "pass": false,
              "fail": true,
              "pending": false,
              "context": null,
              "code": "cy.get('#board-size').clear().type(6);\ncy.get('#generate-board').click();\ncy.get('.pixel').should('have.length', 36).each(function (pixel) {\n  expect(pixel).to.have.css('background-color', WHITE);\n});",
              "err": {
                "message": "CypressError: Timed out retrying: Expected to find element: '#board-size', but never found it.",
                "estack": "CypressError: Timed out retrying: Expected to find element: '#board-size', but never found it.\n    at cypressErr (http://localhost:35909/__cypress/runner/cypress_runner.js:149934:9)\n    at throwErr (http://localhost:35909/__cypress/runner/cypress_runner.js:149867:11)\n    at Object.throwErrByPath (http://localhost:35909/__cypress/runner/cypress_runner.js:149915:3)\n    at retry (http://localhost:35909/__cypress/runner/cypress_runner.js:144197:19)\n    at onFailFn (http://localhost:35909/__cypress/runner/cypress_runner.js:132448:16)\n    at tryCatcher (http://localhost:35909/__cypress/runner/cypress_runner.js:167415:23)\n    at Promise._settlePromiseFromHandler (http://localhost:35909/__cypress/runner/cypress_runner.js:165351:31)\n    at Promise._settlePromise (http://localhost:35909/__cypress/runner/cypress_runner.js:165408:18)\n    at Promise._settlePromise0 (http://localhost:35909/__cypress/runner/cypress_runner.js:165453:10)\n    at Promise._settlePromises (http://localhost:35909/__cypress/runner/cypress_runner.js:165528:18)\n    at Async../node_modules/bluebird/js/release/async.js.Async._drainQueue (http://localhost:35909/__cypress/runner/cypress_runner.js:162140:16)\n    at Async../node_modules/bluebird/js/release/async.js.Async._drainQueues (http://localhost:35909/__cypress/runner/cypress_runner.js:162150:10)\n    at Async.drainQueues (http://localhost:35909/__cypress/runner/cypress_runner.js:162024:14)",
                "diff": null
              },
              "uuid": "84caab5a-9ef7-4762-a821-91f5b3579b0a",
              "parentUUID": "1b900814-1a90-40d5-ae8a-f01a52a2cd32",
              "isHook": false,
              "skipped": false
            }
          ],
          "suites": [],
          "passes": [],
          "failures": [
            "5305477a-320f-4c3f-8457-0adde83fa89a",
            "44b1f9e5-4ffe-4167-8b1e-da2a93e5c928",
            "9d8a410f-cb99-460b-85d6-5a3cf07c23f5",
            "a20b9992-7d77-40ff-8057-e39c2f12415a",
            "dc6d2a93-9d48-414d-a21e-7c6511bb2cde",
            "25c294fb-e09b-4bed-9ef2-50c8f00afc5e",
            "fb0b2605-428a-4801-ad07-33b6c2c5c9e0",
            "cc9e83cc-6781-4996-9588-f04d9d80d4b3",
            "84caab5a-9ef7-4762-a821-91f5b3579b0a"
          ],
          "pending": [],
          "skipped": [],
          "duration": 39588,
          "root": false,
          "rootEmpty": false,
          "_timeout": 2000
        },
        {
          "uuid": "032c4367-5464-405e-894e-7feeeae80d4b",
          "title": "11 - Limite o tamanho mínimo e máximo do board.",
          "fullFile": "",
          "file": "",
          "beforeHooks": [],
          "afterHooks": [],
          "tests": [
            {
              "title": "Verifica se a altura máxima do board é 50",
              "fullTitle": "11 - Limite o tamanho mínimo e máximo do board. Verifica se a altura máxima do board é 50",
              "timedOut": null,
              "duration": 4389,
              "state": "failed",
              "speed": null,
              "pass": false,
              "fail": true,
              "pending": false,
              "context": null,
              "code": "cy.get('#board-size').clear().type(50);\ncy.get('#generate-board').click();\ncy.get('.pixel').should('have.length', 2500);",
              "err": {
                "message": "CypressError: Timed out retrying: Expected to find element: '#board-size', but never found it.",
                "estack": "CypressError: Timed out retrying: Expected to find element: '#board-size', but never found it.\n    at cypressErr (http://localhost:35909/__cypress/runner/cypress_runner.js:149934:9)\n    at throwErr (http://localhost:35909/__cypress/runner/cypress_runner.js:149867:11)\n    at Object.throwErrByPath (http://localhost:35909/__cypress/runner/cypress_runner.js:149915:3)\n    at retry (http://localhost:35909/__cypress/runner/cypress_runner.js:144197:19)\n    at onFailFn (http://localhost:35909/__cypress/runner/cypress_runner.js:132448:16)\n    at tryCatcher (http://localhost:35909/__cypress/runner/cypress_runner.js:167415:23)\n    at Promise._settlePromiseFromHandler (http://localhost:35909/__cypress/runner/cypress_runner.js:165351:31)\n    at Promise._settlePromise (http://localhost:35909/__cypress/runner/cypress_runner.js:165408:18)\n    at Promise._settlePromise0 (http://localhost:35909/__cypress/runner/cypress_runner.js:165453:10)\n    at Promise._settlePromises (http://localhost:35909/__cypress/runner/cypress_runner.js:165528:18)\n    at Async../node_modules/bluebird/js/release/async.js.Async._drainQueue (http://localhost:35909/__cypress/runner/cypress_runner.js:162140:16)\n    at Async../node_modules/bluebird/js/release/async.js.Async._drainQueues (http://localhost:35909/__cypress/runner/cypress_runner.js:162150:10)\n    at Async.drainQueues (http://localhost:35909/__cypress/runner/cypress_runner.js:162024:14)",
                "diff": null
              },
              "uuid": "77a02e77-e99f-475d-8dc2-f7e7fd976eb7",
              "parentUUID": "032c4367-5464-405e-894e-7feeeae80d4b",
              "isHook": false,
              "skipped": false
            },
            {
              "title": "Verifica se a altura do board é 5 quando um valor menor é colocado no input",
              "fullTitle": "11 - Limite o tamanho mínimo e máximo do board. Verifica se a altura do board é 5 quando um valor menor é colocado no input",
              "timedOut": null,
              "duration": 4378,
              "state": "failed",
              "speed": null,
              "pass": false,
              "fail": true,
              "pending": false,
              "context": null,
              "code": "cy.get('#board-size').clear().type(4);\ncy.get('#generate-board').click();\ncy.get('.pixel').should('have.length', 25);",
              "err": {
                "message": "CypressError: Timed out retrying: Expected to find element: '#board-size', but never found it.",
                "estack": "CypressError: Timed out retrying: Expected to find element: '#board-size', but never found it.\n    at cypressErr (http://localhost:35909/__cypress/runner/cypress_runner.js:149934:9)\n    at throwErr (http://localhost:35909/__cypress/runner/cypress_runner.js:149867:11)\n    at Object.throwErrByPath (http://localhost:35909/__cypress/runner/cypress_runner.js:149915:3)\n    at retry (http://localhost:35909/__cypress/runner/cypress_runner.js:144197:19)\n    at onFailFn (http://localhost:35909/__cypress/runner/cypress_runner.js:132448:16)\n    at tryCatcher (http://localhost:35909/__cypress/runner/cypress_runner.js:167415:23)\n    at Promise._settlePromiseFromHandler (http://localhost:35909/__cypress/runner/cypress_runner.js:165351:31)\n    at Promise._settlePromise (http://localhost:35909/__cypress/runner/cypress_runner.js:165408:18)\n    at Promise._settlePromise0 (http://localhost:35909/__cypress/runner/cypress_runner.js:165453:10)\n    at Promise._settlePromises (http://localhost:35909/__cypress/runner/cypress_runner.js:165528:18)\n    at Async../node_modules/bluebird/js/release/async.js.Async._drainQueue (http://localhost:35909/__cypress/runner/cypress_runner.js:162140:16)\n    at Async../node_modules/bluebird/js/release/async.js.Async._drainQueues (http://localhost:35909/__cypress/runner/cypress_runner.js:162150:10)\n    at Async.drainQueues (http://localhost:35909/__cypress/runner/cypress_runner.js:162024:14)",
                "diff": null
              },
              "uuid": "4ce5b66b-7a2c-4b55-b0cd-af7214c0a473",
              "parentUUID": "032c4367-5464-405e-894e-7feeeae80d4b",
              "isHook": false,
              "skipped": false
            },
            {
              "title": "Verifica se a altura do board é 50 quando um valor maior é colocado no input",
              "fullTitle": "11 - Limite o tamanho mínimo e máximo do board. Verifica se a altura do board é 50 quando um valor maior é colocado no input",
              "timedOut": null,
              "duration": 4362,
              "state": "failed",
              "speed": null,
              "pass": false,
              "fail": true,
              "pending": false,
              "context": null,
              "code": "cy.get('#board-size').clear().type(51);\ncy.get('#generate-board').click();\ncy.get('.pixel').should('have.length', 2500);",
              "err": {
                "message": "CypressError: Timed out retrying: Expected to find element: '#board-size', but never found it.",
                "estack": "CypressError: Timed out retrying: Expected to find element: '#board-size', but never found it.\n    at cypressErr (http://localhost:35909/__cypress/runner/cypress_runner.js:149934:9)\n    at throwErr (http://localhost:35909/__cypress/runner/cypress_runner.js:149867:11)\n    at Object.throwErrByPath (http://localhost:35909/__cypress/runner/cypress_runner.js:149915:3)\n    at retry (http://localhost:35909/__cypress/runner/cypress_runner.js:144197:19)\n    at onFailFn (http://localhost:35909/__cypress/runner/cypress_runner.js:132448:16)\n    at tryCatcher (http://localhost:35909/__cypress/runner/cypress_runner.js:167415:23)\n    at Promise._settlePromiseFromHandler (http://localhost:35909/__cypress/runner/cypress_runner.js:165351:31)\n    at Promise._settlePromise (http://localhost:35909/__cypress/runner/cypress_runner.js:165408:18)\n    at Promise._settlePromise0 (http://localhost:35909/__cypress/runner/cypress_runner.js:165453:10)\n    at Promise._settlePromises (http://localhost:35909/__cypress/runner/cypress_runner.js:165528:18)\n    at Async../node_modules/bluebird/js/release/async.js.Async._drainQueue (http://localhost:35909/__cypress/runner/cypress_runner.js:162140:16)\n    at Async../node_modules/bluebird/js/release/async.js.Async._drainQueues (http://localhost:35909/__cypress/runner/cypress_runner.js:162150:10)\n    at Async.drainQueues (http://localhost:35909/__cypress/runner/cypress_runner.js:162024:14)",
                "diff": null
              },
              "uuid": "a586e80c-8eee-40d9-a235-7c9c866057ac",
              "parentUUID": "032c4367-5464-405e-894e-7feeeae80d4b",
              "isHook": false,
              "skipped": false
            }
          ],
          "suites": [],
          "passes": [],
          "failures": [
            "77a02e77-e99f-475d-8dc2-f7e7fd976eb7",
            "4ce5b66b-7a2c-4b55-b0cd-af7214c0a473",
            "a586e80c-8eee-40d9-a235-7c9c866057ac"
          ],
          "pending": [],
          "skipped": [],
          "duration": 13129,
          "root": false,
          "rootEmpty": false,
          "_timeout": 2000
        },
        {
          "uuid": "cb3f1f2d-2ec8-4cd9-b0bf-5767ac88ce83",
          "title": "12 - Faça com que as cores da paleta sejam geradas aleatoriamente ao carregar a página.",
          "fullFile": "",
          "file": "",
          "beforeHooks": [],
          "afterHooks": [],
          "tests": [
            {
              "title": "Verifica se as cores geradas na paleta são diferentes a cada carregamento da página",
              "fullTitle": "12 - Faça com que as cores da paleta sejam geradas aleatoriamente ao carregar a página. Verifica se as cores geradas na paleta são diferentes a cada carregamento da página",
              "timedOut": null,
              "duration": 482,
              "state": "failed",
              "speed": null,
              "pass": false,
              "fail": true,
              "pending": false,
              "context": null,
              "code": "cy.get('.color').then(function (colors) {\n  var currentColors;\n  var previousColors;\n  previousColors = Array.from(colors).map(function (color) {\n    return Cypress.$(color).css('background-color');\n  });\n  for (var i = 0; i < 5; i += 1) {\n    cy.reload();\n    cy.get('.color').then(function (colors) {\n      currentColors = Array.from(colors).map(function (color) {\n        return Cypress.$(color).css('background-color');\n      });\n      expect(currentColors).not.to.deep.equal(previousColors);\n      previousColors = currentColors;\n    });\n  }\n});",
              "err": {
                "message": "AssertionError: expected [ Array(4) ] to not deeply equal [ Array(4) ]",
                "estack": "AssertionError: expected [ Array(4) ] to not deeply equal [ Array(4) ]\n    at getRet (http://localhost:35909/__cypress/runner/cypress_runner.js:136585:16)\n    at tryCatcher (http://localhost:35909/__cypress/runner/cypress_runner.js:167415:23)\n    at Function.Promise.attempt.Promise.try (http://localhost:35909/__cypress/runner/cypress_runner.js:164690:29)\n    at Context.thenFn (http://localhost:35909/__cypress/runner/cypress_runner.js:136599:23)\n    at Context.then (http://localhost:35909/__cypress/runner/cypress_runner.js:136971:21)\n    at Context.<anonymous> (http://localhost:35909/__cypress/runner/cypress_runner.js:148875:21)\n    at http://localhost:35909/__cypress/runner/cypress_runner.js:148351:33\n    at tryCatcher (http://localhost:35909/__cypress/runner/cypress_runner.js:167415:23)\n    at Promise._settlePromiseFromHandler (http://localhost:35909/__cypress/runner/cypress_runner.js:165351:31)\n    at Promise._settlePromise (http://localhost:35909/__cypress/runner/cypress_runner.js:165408:18)\n    at Promise._settlePromiseCtx (http://localhost:35909/__cypress/runner/cypress_runner.js:165445:10)\n    at Async../node_modules/bluebird/js/release/async.js.Async._drainQueue (http://localhost:35909/__cypress/runner/cypress_runner.js:162145:12)\n    at Async../node_modules/bluebird/js/release/async.js.Async._drainQueues (http://localhost:35909/__cypress/runner/cypress_runner.js:162150:10)\n    at Async.drainQueues (http://localhost:35909/__cypress/runner/cypress_runner.js:162024:14)",
                "diff": ""
              },
              "uuid": "3915a65e-8236-4f5f-ad3f-76b8e4ec57ff",
              "parentUUID": "cb3f1f2d-2ec8-4cd9-b0bf-5767ac88ce83",
              "isHook": false,
              "skipped": false
            },
            {
              "title": "Verifica se a cor preta ainda está presente e é a primeira na sua paleta de cores",
              "fullTitle": "12 - Faça com que as cores da paleta sejam geradas aleatoriamente ao carregar a página. Verifica se a cor preta ainda está presente e é a primeira na sua paleta de cores",
              "timedOut": null,
              "duration": 418,
              "state": "failed",
              "speed": null,
              "pass": false,
              "fail": true,
              "pending": false,
              "context": null,
              "code": "cy.get('.color').then(function (colors) {\n  var currentColors;\n  var previousColors;\n  previousColors = Array.from(colors).map(function (color) {\n    return Cypress.$(color).css('background-color');\n  });\n  expect(previousColors[0]).to.eq(BLACK);\n  for (var i = 0; i < 5; i += 1) {\n    cy.reload();\n    cy.get('.color').then(function (colors) {\n      currentColors = Array.from(colors).map(function (color) {\n        return Cypress.$(color).css('background-color');\n      });\n      expect(currentColors[0]).to.eq(BLACK);\n      expect(currentColors).not.to.deep.equal(previousColors);\n      previousColors = currentColors;\n    });\n  }\n});",
              "err": {
                "message": "AssertionError: expected [ Array(4) ] to not deeply equal [ Array(4) ]",
                "estack": "AssertionError: expected [ Array(4) ] to not deeply equal [ Array(4) ]\n    at getRet (http://localhost:35909/__cypress/runner/cypress_runner.js:136585:16)\n    at tryCatcher (http://localhost:35909/__cypress/runner/cypress_runner.js:167415:23)\n    at Function.Promise.attempt.Promise.try (http://localhost:35909/__cypress/runner/cypress_runner.js:164690:29)\n    at Context.thenFn (http://localhost:35909/__cypress/runner/cypress_runner.js:136599:23)\n    at Context.then (http://localhost:35909/__cypress/runner/cypress_runner.js:136971:21)\n    at Context.<anonymous> (http://localhost:35909/__cypress/runner/cypress_runner.js:148875:21)\n    at http://localhost:35909/__cypress/runner/cypress_runner.js:148351:33\n    at tryCatcher (http://localhost:35909/__cypress/runner/cypress_runner.js:167415:23)\n    at Promise._settlePromiseFromHandler (http://localhost:35909/__cypress/runner/cypress_runner.js:165351:31)\n    at Promise._settlePromise (http://localhost:35909/__cypress/runner/cypress_runner.js:165408:18)\n    at Promise._settlePromiseCtx (http://localhost:35909/__cypress/runner/cypress_runner.js:165445:10)\n    at Async../node_modules/bluebird/js/release/async.js.Async._drainQueue (http://localhost:35909/__cypress/runner/cypress_runner.js:162145:12)\n    at Async../node_modules/bluebird/js/release/async.js.Async._drainQueues (http://localhost:35909/__cypress/runner/cypress_runner.js:162150:10)\n    at Async.drainQueues (http://localhost:35909/__cypress/runner/cypress_runner.js:162024:14)",
                "diff": ""
              },
              "uuid": "b63619eb-2da0-4878-a31a-2acf77ba6e15",
              "parentUUID": "cb3f1f2d-2ec8-4cd9-b0bf-5767ac88ce83",
              "isHook": false,
              "skipped": false
            }
          ],
          "suites": [],
          "passes": [],
          "failures": [
            "3915a65e-8236-4f5f-ad3f-76b8e4ec57ff",
            "b63619eb-2da0-4878-a31a-2acf77ba6e15"
          ],
          "pending": [],
          "skipped": [],
          "duration": 900,
          "root": false,
          "rootEmpty": false,
          "_timeout": 2000
        }
      ],
      "passes": [],
      "failures": [],
      "pending": [],
      "skipped": [],
      "duration": 0,
      "root": true,
      "rootEmpty": true,
      "_timeout": 2000
    }
  ],
  "meta": {
    "mocha": {
      "version": "7.0.1"
    },
    "mochawesome": {
      "options": {
        "quiet": false,
        "reportFilename": "mochawesome",
        "saveHtml": false,
        "saveJson": true,
        "consoleReporter": "spec",
        "useInlineDiffs": false
      },
      "version": "4.1.0"
    },
    "marge": {
      "options": {
        "id": "default",
        "reportDir": "cypress/reports",
        "overwrite": true,
        "html": false,
        "json": true
      },
      "version": "4.1.0"
    }
  }
}